<?xml version="1.0" encoding="UTF-8"?>
<testng-results ignored="0" total="3" passed="3" failed="0" skipped="0">
  <reporter-output>
  </reporter-output>
  <suite started-at="2024-09-24T16:36:38 IST" name="Suite" finished-at="2024-09-24T16:36:54 IST" duration-ms="16533">
    <groups>
    </groups>
    <test started-at="2024-09-24T16:36:38 IST" name="Test" finished-at="2024-09-24T16:36:54 IST" duration-ms="16533">
      <class name="test.Aut_test1">
        <test-method signature="automation()[pri:0, instance:test.Aut_test1@222545dc]" started-at="2024-09-24T16:36:38 IST" name="automation" finished-at="2024-09-24T16:36:46 IST" duration-ms="8281" status="PASS">
          <reporter-output>
          </reporter-output>
        </test-method> <!-- automation -->
        <test-method signature="facebook()[pri:0, instance:test.Aut_test1@222545dc]" started-at="2024-09-24T16:36:46 IST" name="facebook" finished-at="2024-09-24T16:36:49 IST" duration-ms="2938" status="PASS">
          <reporter-output>
          </reporter-output>
        </test-method> <!-- facebook -->
      </class> <!-- test.Aut_test1 -->
      <class name="test.Aut_test2">
        <test-method signature="automation()[pri:0, instance:test.Aut_test2@38c6f217]" started-at="2024-09-24T16:36:49 IST" name="automation" finished-at="2024-09-24T16:36:54 IST" duration-ms="5269" status="PASS">
          <reporter-output>
          </reporter-output>
        </test-method> <!-- automation -->
      </class> <!-- test.Aut_test2 -->
    </test> <!-- Test -->
  </suite> <!-- Suite -->
</testng-results>
