<?xml version="1.0" encoding="UTF-8"?>
<testng-results ignored="0" total="3" passed="3" failed="0" skipped="0">
  <reporter-output>
  </reporter-output>
  <suite started-at="2024-10-09T16:42:18 IST" name="Suite" finished-at="2024-10-09T16:42:38 IST" duration-ms="19933">
    <groups>
    </groups>
    <test started-at="2024-10-09T16:42:18 IST" name="Test" finished-at="2024-10-09T16:42:38 IST" duration-ms="19933">
      <class name="test.Aut_test1">
        <test-method signature="automation()[pri:0, instance:test.Aut_test1@55b699ef]" started-at="2024-10-09T16:42:18 IST" name="automation" finished-at="2024-10-09T16:42:26 IST" duration-ms="8398" status="PASS">
          <reporter-output>
          </reporter-output>
        </test-method> <!-- automation -->
        <test-method signature="facebook()[pri:0, instance:test.Aut_test1@55b699ef]" started-at="2024-10-09T16:42:26 IST" name="facebook" finished-at="2024-10-09T16:42:31 IST" duration-ms="4687" status="PASS">
          <reporter-output>
          </reporter-output>
        </test-method> <!-- facebook -->
      </class> <!-- test.Aut_test1 -->
      <class name="test.Aut_test2">
        <test-method signature="automation()[pri:0, instance:test.Aut_test2@4135c3b]" started-at="2024-10-09T16:42:31 IST" name="automation" finished-at="2024-10-09T16:42:38 IST" duration-ms="6787" status="PASS">
          <reporter-output>
          </reporter-output>
        </test-method> <!-- automation -->
      </class> <!-- test.Aut_test2 -->
    </test> <!-- Test -->
  </suite> <!-- Suite -->
</testng-results>
