<?xml version="1.0" encoding="UTF-8"?>
<testng-results ignored="0" total="3" passed="3" failed="0" skipped="0">
  <reporter-output>
  </reporter-output>
  <suite started-at="2024-08-30T10:04:25 IST" name="Suite" finished-at="2024-08-30T10:05:25 IST" duration-ms="59995">
    <groups>
    </groups>
    <test started-at="2024-08-30T10:04:25 IST" name="Test" finished-at="2024-08-30T10:05:25 IST" duration-ms="59995">
      <class name="test.Aut_test1">
        <test-method signature="automation()[pri:0, instance:test.Aut_test1@351d00c0]" started-at="2024-08-30T10:04:25 IST" name="automation" finished-at="2024-08-30T10:04:34 IST" duration-ms="9191" status="PASS">
          <reporter-output>
          </reporter-output>
        </test-method> <!-- automation -->
        <test-method signature="facebook()[pri:0, instance:test.Aut_test1@351d00c0]" started-at="2024-08-30T10:04:34 IST" name="facebook" finished-at="2024-08-30T10:04:57 IST" duration-ms="22614" status="PASS">
          <reporter-output>
          </reporter-output>
        </test-method> <!-- facebook -->
      </class> <!-- test.Aut_test1 -->
      <class name="test.Aut_test2">
        <test-method signature="automation()[pri:0, instance:test.Aut_test2@4562e04d]" started-at="2024-08-30T10:04:57 IST" name="automation" finished-at="2024-08-30T10:05:25 IST" duration-ms="28139" status="PASS">
          <reporter-output>
          </reporter-output>
        </test-method> <!-- automation -->
      </class> <!-- test.Aut_test2 -->
    </test> <!-- Test -->
  </suite> <!-- Suite -->
</testng-results>
